# JRE version: OpenJDK Runtime Environment (8.0_112-b06) (build 1.8.0_112-release-b06)
# Java VM: OpenJDK 64-Bit Server VM (25.112-b06 mixed mode windows-amd64 compressed oops)
Heap:
 PSYoungGen      total 133632K, used 49840K [0x00000000e0000000, 0x00000000eac00000, 0x0000000100000000)
  eden space 121856K, 31% used [0x00000000e0000000,0x00000000e2573740,0x00000000e7700000)
  from space 11776K, 97% used [0x00000000e7a80000,0x00000000e85b88d8,0x00000000e8600000)
  to   space 27136K, 0% used [0x00000000e9180000,0x00000000e9180000,0x00000000eac00000)
 ParOldGen       total 140800K, used 46456K [0x00000000a0000000, 0x00000000a8980000, 0x00000000e0000000)
  object space 140800K, 32% used [0x00000000a0000000,0x00000000a2d5e2b8,0x00000000a8980000)
 Metaspace       used 65804K, capacity 68850K, committed 69120K, reserved 1110016K
  class space    used 8611K, capacity 9200K, committed 9216K, reserved 1048576K
GC Heap History (10 events):
Event: 36.303 GC heap before
{Heap before GC invocations=22 (full 3):
 PSYoungGen      total 139264K, used 118681K [0x00000000e0000000, 0x00000000ea680000, 0x0000000100000000)
  eden space 112128K, 100% used [0x00000000e0000000,0x00000000e6d80000,0x00000000e6d80000)
  from space 27136K, 24% used [0x00000000e8c00000,0x00000000e92665b8,0x00000000ea680000)
  to   space 29184K, 0% used [0x00000000e6d80000,0x00000000e6d80000,0x00000000e8a00000)
 ParOldGen       total 140800K, used 46424K [0x00000000a0000000, 0x00000000a8980000, 0x00000000e0000000)
  object space 140800K, 32% used [0x00000000a0000000,0x00000000a2d562b8,0x00000000a8980000)
 Metaspace       used 58850K, capacity 61260K, committed 61440K, reserved 1101824K
  class space    used 7869K, capacity 8393K, committed 8448K, reserved 1048576K
Event: 36.334 GC heap after
Heap after GC invocations=22 (full 3):
 PSYoungGen      total 141312K, used 14424K [0x00000000e0000000, 0x00000000eb600000, 0x0000000100000000)
  eden space 112128K, 0% used [0x00000000e0000000,0x00000000e0000000,0x00000000e6d80000)
  from space 29184K, 49% used [0x00000000e6d80000,0x00000000e7b96078,0x00000000e8a00000)
  to   space 28160K, 0% used [0x00000000e9a80000,0x00000000e9a80000,0x00000000eb600000)
 ParOldGen       total 140800K, used 46424K [0x00000000a0000000, 0x00000000a8980000, 0x00000000e0000000)
  object space 140800K, 32% used [0x00000000a0000000,0x00000000a2d562b8,0x00000000a8980000)
 Metaspace       used 58850K, capacity 61260K, committed 61440K, reserved 1101824K
  class space    used 7869K, capacity 8393K, committed 8448K, reserved 1048576K
}
Event: 37.561 GC heap before
{Heap before GC invocations=23 (full 3):
 PSYoungGen      total 141312K, used 126552K [0x00000000e0000000, 0x00000000eb600000, 0x0000000100000000)
  eden space 112128K, 100% used [0x00000000e0000000,0x00000000e6d80000,0x00000000e6d80000)
  from space 29184K, 49% used [0x00000000e6d80000,0x00000000e7b96078,0x00000000e8a00000)
  to   space 28160K, 0% used [0x00000000e9a80000,0x00000000e9a80000,0x00000000eb600000)
 ParOldGen       total 140800K, used 46424K [0x00000000a0000000, 0x00000000a8980000, 0x00000000e0000000)
  object space 140800K, 32% used [0x00000000a0000000,0x00000000a2d562b8,0x00000000a8980000)
 Metaspace       used 58860K, capacity 61324K, committed 61440K, reserved 1101824K
  class space    used 7869K, capacity 8393K, committed 8448K, reserved 1048576K
Event: 37.575 GC heap after
Heap after GC invocations=23 (full 3):
 PSYoungGen      total 157184K, used 18184K [0x00000000e0000000, 0x00000000eb800000, 0x0000000100000000)
  eden space 129024K, 0% used [0x00000000e0000000,0x00000000e0000000,0x00000000e7e00000)
  from space 28160K, 64% used [0x00000000e9a80000,0x00000000eac42050,0x00000000eb600000)
  to   space 29184K, 0% used [0x00000000e7e00000,0x00000000e7e00000,0x00000000e9a80000)
 ParOldGen       total 140800K, used 46432K [0x00000000a0000000, 0x00000000a8980000, 0x00000000e0000000)
  object space 140800K, 32% used [0x00000000a0000000,0x00000000a2d582b8,0x00000000a8980000)
 Metaspace       used 58860K, capacity 61324K, committed 61440K, reserved 1101824K
  class space    used 7869K, capacity 8393K, committed 8448K, reserved 1048576K
}
Event: 474.968 GC heap before
{Heap before GC invocations=24 (full 3):
 PSYoungGen      total 157184K, used 147208K [0x00000000e0000000, 0x00000000eb800000, 0x0000000100000000)
  eden space 129024K, 100% used [0x00000000e0000000,0x00000000e7e00000,0x00000000e7e00000)
  from space 28160K, 64% used [0x00000000e9a80000,0x00000000eac42050,0x00000000eb600000)
  to   space 29184K, 0% used [0x00000000e7e00000,0x00000000e7e00000,0x00000000e9a80000)
 ParOldGen       total 140800K, used 46432K [0x00000000a0000000, 0x00000000a8980000, 0x00000000e0000000)
  object space 140800K, 32% used [0x00000000a0000000,0x00000000a2d582b8,0x00000000a8980000)
 Metaspace       used 59573K, capacity 62206K, committed 62464K, reserved 1103872K
  class space    used 7905K, capacity 8440K, committed 8448K, reserved 1048576K
Event: 475.018 GC heap after
Heap after GC invocations=24 (full 3):
 PSYoungGen      total 158208K, used 16293K [0x00000000e0000000, 0x00000000ec680000, 0x0000000100000000)
  eden space 129024K, 0% used [0x00000000e0000000,0x00000000e0000000,0x00000000e7e00000)
  from space 29184K, 55% used [0x00000000e7e00000,0x00000000e8de95c0,0x00000000e9a80000)
  to   space 28672K, 0% used [0x00000000eaa80000,0x00000000eaa80000,0x00000000ec680000)
 ParOldGen       total 140800K, used 46440K [0x00000000a0000000, 0x00000000a8980000, 0x00000000e0000000)
  object space 140800K, 32% used [0x00000000a0000000,0x00000000a2d5a2b8,0x00000000a8980000)
 Metaspace       used 59573K, capacity 62206K, committed 62464K, reserved 1103872K
  class space    used 7905K, capacity 8440K, committed 8448K, reserved 1048576K
}
Event: 2811.994 GC heap before
{Heap before GC invocations=25 (full 3):
 PSYoungGen      total 158208K, used 145317K [0x00000000e0000000, 0x00000000ec680000, 0x0000000100000000)
  eden space 129024K, 100% used [0x00000000e0000000,0x00000000e7e00000,0x00000000e7e00000)
  from space 29184K, 55% used [0x00000000e7e00000,0x00000000e8de95c0,0x00000000e9a80000)
  to   space 28672K, 0% used [0x00000000eaa80000,0x00000000eaa80000,0x00000000ec680000)
 ParOldGen       total 140800K, used 46440K [0x00000000a0000000, 0x00000000a8980000, 0x00000000e0000000)
  object space 140800K, 32% used [0x00000000a0000000,0x00000000a2d5a2b8,0x00000000a8980000)
 Metaspace       used 60277K, capacity 62984K, committed 63104K, reserved 1103872K
  class space    used 7948K, capacity 8485K, committed 8576K, reserved 1048576K
Event: 2812.041 GC heap after
Heap after GC invocations=25 (full 3):
 PSYoungGen      total 132608K, used 6746K [0x00000000e0000000, 0x00000000eb180000, 0x0000000100000000)
  eden space 125440K, 0% used [0x00000000e0000000,0x00000000e0000000,0x00000000e7a80000)
  from space 7168K, 94% used [0x00000000eaa80000,0x00000000eb116970,0x00000000eb180000)
  to   space 28160K, 0% used [0x00000000e7a80000,0x00000000e7a80000,0x00000000e9600000)
 ParOldGen       total 140800K, used 46448K [0x00000000a0000000, 0x00000000a8980000, 0x00000000e0000000)
  object space 140800K, 32% used [0x00000000a0000000,0x00000000a2d5c2b8,0x00000000a8980000)
 Metaspace       used 60277K, capacity 62984K, committed 63104K, reserved 1103872K
  class space    used 7948K, capacity 8485K, committed 8576K, reserved 1048576K
}
Event: 2816.337 GC heap before
{Heap before GC invocations=26 (full 3):
 PSYoungGen      total 132608K, used 132186K [0x00000000e0000000, 0x00000000eb180000, 0x0000000100000000)
  eden space 125440K, 100% used [0x00000000e0000000,0x00000000e7a80000,0x00000000e7a80000)
  from space 7168K, 94% used [0x00000000eaa80000,0x00000000eb116970,0x00000000eb180000)
  to   space 28160K, 0% used [0x00000000e7a80000,0x00000000e7a80000,0x00000000e9600000)
 ParOldGen       total 140800K, used 46448K [0x00000000a0000000, 0x00000000a8980000, 0x00000000e0000000)
  object space 140800K, 32% used [0x00000000a0000000,0x00000000a2d5c2b8,0x00000000a8980000)
 Metaspace       used 64473K, capacity 67474K, committed 67840K, reserved 1107968K
  class space    used 8520K, capacity 9104K, committed 9216K, reserved 1048576K
Event: 2816.351 GC heap after
Heap after GC invocations=26 (full 3):
 PSYoungGen      total 133632K, used 11490K [0x00000000e0000000, 0x00000000eac00000, 0x0000000100000000)
  eden space 121856K, 0% used [0x00000000e0000000,0x00000000e0000000,0x00000000e7700000)
  from space 11776K, 97% used [0x00000000e7a80000,0x00000000e85b88d8,0x00000000e8600000)
  to   space 27136K, 0% used [0x00000000e9180000,0x00000000e9180000,0x00000000eac00000)
 ParOldGen       total 140800K, used 46456K [0x00000000a0000000, 0x00000000a8980000, 0x00000000e0000000)
  object space 140800K, 32% used [0x00000000a0000000,0x00000000a2d5e2b8,0x00000000a8980000)
 Metaspace       used 64473K, capacity 67474K, committed 67840K, reserved 1107968K
  class space    used 8520K, capacity 9104K, committed 9216K, reserved 1048576K
}

